[2023-07-04T07:54:34.538] [WARN] default - Server is running on port 4000
[2023-07-04T07:56:35.356] [WARN] default - Server is running on port 4000
[2023-07-04T08:05:03.637] [WARN] default - Server is running on port 4000
[2023-07-04T08:05:53.097] [WARN] default - Server is running on port 4000
[2023-07-04T08:05:59.608] [WARN] default - Server is running on port 4000
[2023-07-04T08:06:09.378] [WARN] default - Server is running on port 4000
[2023-07-04T08:06:13.137] [WARN] default - Server is running on port 4000
[2023-07-04T08:06:35.424] [WARN] default - Server is running on port 4000
[2023-07-04T08:09:16.095] [WARN] default - Server is running on port 4000
[2023-07-04T08:10:13.851] [WARN] default - Server is running on port 4000
[2023-07-04T08:10:19.105] [WARN] default - Server is running on port 4000
[2023-07-04T08:10:24.613] [WARN] default - Server is running on port 4000
[2023-07-04T08:10:33.941] [WARN] default - Server is running on port 4000
[2023-07-04T08:10:45.051] [WARN] default - Server is running on port 4000
[2023-07-04T08:10:59.139] [WARN] default - Server is running on port 4000
[2023-07-04T08:11:11.680] [WARN] default - Server is running on port 4000
[2023-07-04T08:11:19.494] [WARN] default - Server is running on port 4000
[2023-07-04T08:12:44.486] [WARN] default - Server is running on port 4000
[2023-07-04T08:12:51.383] [WARN] default - Server is running on port 4000
[2023-07-04T08:13:20.934] [WARN] default - Server is running on port 4000
[2023-07-04T08:13:29.528] [WARN] default - Server is running on port 4000
[2023-07-04T08:16:41.563] [WARN] default - Server is running on port 4000
[2023-07-04T08:16:56.365] [WARN] default - Server is running on port 4000
[2023-07-04T08:17:51.238] [WARN] default - Server is running on port 4000
[2023-07-04T08:21:13.401] [WARN] default - Server is running on port 4000
[2023-07-04T08:21:18.661] [WARN] default - Server is running on port 4000
[2023-07-04T08:21:20.111] [WARN] default - Server is running on port 4000
[2023-07-04T08:27:10.474] [WARN] default - Server is running on port 4000
[2023-07-04T08:28:04.991] [WARN] default - Server is running on port 4000
[2023-07-04T08:50:37.868] [WARN] default - Server is running on port 4000
[2023-07-04T08:50:46.697] [WARN] default - Server is running on port 4000
[2023-07-04T10:52:51.478] [WARN] default - Server is running on port 4000
[2023-07-04T10:53:36.673] [WARN] default - Server is running on port 4000
[2023-07-04T10:55:07.194] [WARN] default - Server is running on port 4000
[2023-07-04T10:56:22.206] [WARN] default - Server is running on port 4000
[2023-07-04T10:57:06.070] [WARN] default - Server is running on port 4000
[2023-07-04T10:57:17.211] [WARN] default - Server is running on port 4000
[2023-07-04T10:59:03.454] [WARN] default - Server is running on port 4000
[2023-07-04T11:14:23.289] [WARN] default - Server is running on port 4000
[2023-07-04T11:14:24.513] [WARN] default - Server is running on port 4000
[2023-07-04T11:14:31.242] [WARN] default - Server is running on port 4000
[2023-07-04T11:15:00.616] [WARN] default - Server is running on port 4000
[2023-07-04T11:15:13.073] [WARN] default - Server is running on port 4000
[2023-07-04T11:15:30.696] [WARN] default - Server is running on port 4000
[2023-07-04T11:15:36.459] [WARN] default - Server is running on port 4000
[2023-07-04T11:15:42.467] [WARN] default - Server is running on port 4000
[2023-07-04T11:15:48.187] [WARN] default - Server is running on port 4000
[2023-07-04T11:16:08.642] [WARN] default - Server is running on port 4000
[2023-07-04T11:16:27.105] [ERROR] default - Error: 不允许的来源
    at origin (D:\ProjectDocumentStorage\examination\WebsiteDevInterface\app.ts:33:22)
    at D:\ProjectDocumentStorage\examination\WebsiteDevInterface\node_modules\cors\lib\index.js:219:13
    at optionsCallback (D:\ProjectDocumentStorage\examination\WebsiteDevInterface\node_modules\cors\lib\index.js:199:9)
    at corsMiddleware (D:\ProjectDocumentStorage\examination\WebsiteDevInterface\node_modules\cors\lib\index.js:204:7)
    at Layer.handle [as handle_request] (D:\ProjectDocumentStorage\examination\WebsiteDevInterface\node_modules\express\lib\router\layer.js:95:5)
    at trim_prefix (D:\ProjectDocumentStorage\examination\WebsiteDevInterface\node_modules\express\lib\router\index.js:328:13)
    at D:\ProjectDocumentStorage\examination\WebsiteDevInterface\node_modules\express\lib\router\index.js:286:9
    at Function.process_params (D:\ProjectDocumentStorage\examination\WebsiteDevInterface\node_modules\express\lib\router\index.js:346:12)
    at next (D:\ProjectDocumentStorage\examination\WebsiteDevInterface\node_modules\express\lib\router\index.js:280:10)
    at expressInit (D:\ProjectDocumentStorage\examination\WebsiteDevInterface\node_modules\express\lib\middleware\init.js:40:5)
[2023-07-04T11:17:07.881] [WARN] default - Server is running on port 4000
[2023-07-04T11:21:33.489] [WARN] default - Server is running on port 4000
[2023-07-04T11:21:37.407] [WARN] default - Server is running on port 4000
[2023-07-04T11:21:44.285] [WARN] default - Server is running on port 4000
[2023-07-04T11:21:59.400] [WARN] default - Server is running on port 4000
[2023-07-04T11:22:12.898] [WARN] default - Server is running on port 4000
[2023-07-04T11:22:24.312] [WARN] default - Server is running on port 4000
[2023-07-04T11:22:35.296] [WARN] default - Server is running on port 4000
[2023-07-04T11:22:46.580] [WARN] default - Server is running on port 4000
[2023-07-04T11:22:54.356] [WARN] default - Server is running on port 4000
[2023-07-04T11:24:46.755] [WARN] default - Server is running on port 4000
[2023-07-04T11:25:41.242] [WARN] default - Server is running on port 4000
[2023-07-04T11:25:47.456] [WARN] default - Server is running on port 4000
[2023-07-04T11:27:53.675] [WARN] default - Server is running on port 4000
[2023-07-04T11:42:57.030] [WARN] default - Server is running on port 4000
[2023-07-04T11:43:01.568] [WARN] default - Server is running on port 4000
[2023-07-04T11:43:17.985] [WARN] default - Server is running on port 4000
[2023-07-04T11:43:23.897] [WARN] default - Server is running on port 4000
[2023-07-04T11:56:55.516] [WARN] default - Server is running on port 4000
